11-24 18:31:17 com_github_MitjaNemec_ReplicateLayout.action_replicate_layout 409:Plugin executed on: 'linux'
11-24 18:31:17 com_github_MitjaNemec_ReplicateLayout.action_replicate_layout 410:Plugin executed with python version: '3.13.7 (main, Aug 16 2025, 15:55:01) [GCC 15.2.1 20250813]'
11-24 18:31:17 com_github_MitjaNemec_ReplicateLayout.action_replicate_layout 411:KiCad build version: 9.0.5
11-24 18:31:17 com_github_MitjaNemec_ReplicateLayout.action_replicate_layout 412:Plugin version: 4.0.3
11-24 18:31:17 com_github_MitjaNemec_ReplicateLayout.action_replicate_layout 413:Frame repr: <wx._core.Frame object at 0x7f527342b770>
11-24 18:31:17 com_github_MitjaNemec_ReplicateLayout.action_replicate_layout 437:Preparing replicator with D5 as a reference
11-24 18:31:17 com_github_MitjaNemec_ReplicateLayout.replicate_layout 117:getting a list of all footprints on board
11-24 18:31:17 com_github_MitjaNemec_ReplicateLayout.action_replicate_layout 485:source anchor footprint is 'D5'
Located on: ['/LED Circle/', '/LED Circle/led_cap/']
With filenames: ['led_circle.kicad_sch', 'led_cap.kicad_sch']
With sheet_id:['/LED Circle/', '/LED Circle/led_cap/']
11-24 18:31:17 com_github_MitjaNemec_ReplicateLayout.action_replicate_layout 492:Corresponding footprints are 
[('D17', ['/LED Circle/', '/LED Circle/led_cap2/']), ('D11', ['/LED Circle/', '/LED Circle/led_cap1/']), ('D19', ['/LED Circle/', '/LED Circle/led_cap3/']), ('D5', ['/LED Circle/', '/LED Circle/led_cap/'])]
11-24 18:31:17 com_github_MitjaNemec_ReplicateLayout.action_replicate_layout 504:Showing dialog
11-24 18:31:17 com_github_MitjaNemec_ReplicateLayout.replicate_layout 472:constructing a list of sheets suitable for replication on level:'/LED Circle/led_cap/', file:'led_cap.kicad_sch'
11-24 18:31:17 com_github_MitjaNemec_ReplicateLayout.replicate_layout 509:suitable sheets are:[['/LED Circle/', '/LED Circle/led_cap1/'], ['/LED Circle/', '/LED Circle/led_cap2/'], ['/LED Circle/', '/LED Circle/led_cap3/']]
11-24 18:31:17 com_github_MitjaNemec_ReplicateLayout.replicate_layout 1512:Level selected: ['/LED Circle/', '/LED Circle/led_cap/']
11-24 18:31:17 com_github_MitjaNemec_ReplicateLayout.replicate_layout 1336:Filtering list of tracks
11-24 18:31:17 com_github_MitjaNemec_ReplicateLayout.action_replicate_layout 510:Toolbar position: wx.Point(2526, 98)
11-24 18:31:17 com_github_MitjaNemec_ReplicateLayout.action_replicate_layout 515:Dialog position: wx.Point(2087, 98)
11-24 18:31:22 com_github_MitjaNemec_ReplicateLayout.replicate_layout 472:constructing a list of sheets suitable for replication on level:'/LED Circle/led_cap/', file:'led_cap.kicad_sch'
11-24 18:31:22 com_github_MitjaNemec_ReplicateLayout.replicate_layout 509:suitable sheets are:[['/LED Circle/', '/LED Circle/led_cap1/'], ['/LED Circle/', '/LED Circle/led_cap2/'], ['/LED Circle/', '/LED Circle/led_cap3/']]
11-24 18:31:22 com_github_MitjaNemec_ReplicateLayout.action_replicate_layout 248:Replicating layout
11-24 18:31:22 com_github_MitjaNemec_ReplicateLayout.replicate_layout 288:Starting replication of sheets: [['/LED Circle/', '/LED Circle/led_cap1/'], ['/LED Circle/', '/LED Circle/led_cap2/'], ['/LED Circle/', '/LED Circle/led_cap3/']]
on level: ['/LED Circle/', '/LED Circle/led_cap/']
with tracks=True, zone=True, text=True, text=True, intersecting=False, remove=True, locked footprints=False, group_only=False
11-24 18:31:22 root 340:updating GUI message: 'Preparing for replication'
11-24 18:31:22 com_github_MitjaNemec_ReplicateLayout.replicate_layout 358:Getting the list of source footprints
11-24 18:31:22 root 345:updating GUI with: 0
11-24 18:31:22 com_github_MitjaNemec_ReplicateLayout.replicate_layout 368:Getting the list of all the remaining footprints
11-24 18:31:22 com_github_MitjaNemec_ReplicateLayout.replicate_layout 375:Getting source tracks
11-24 18:31:22 com_github_MitjaNemec_ReplicateLayout.replicate_layout 1336:Filtering list of tracks
11-24 18:31:22 com_github_MitjaNemec_ReplicateLayout.replicate_layout 379:Getting source zones
11-24 18:31:22 com_github_MitjaNemec_ReplicateLayout.replicate_layout 383:Getting source text items
11-24 18:31:22 com_github_MitjaNemec_ReplicateLayout.replicate_layout 387:Getting source drawing items
11-24 18:31:22 com_github_MitjaNemec_ReplicateLayout.replicate_layout 320:Removing tracks and zones, before footprint placement
11-24 18:31:22 root 340:updating GUI message: 'Removing zones and tracks'
11-24 18:31:22 com_github_MitjaNemec_ReplicateLayout.replicate_layout 1282:Remove bounding box top:17675000, bottom:27048707, Left:233346089, Right:283648707
11-24 18:31:22 com_github_MitjaNemec_ReplicateLayout.replicate_layout 1282:Remove bounding box top:34075000, bottom:43448707, Left:233245089, Right:283547707
11-24 18:31:22 com_github_MitjaNemec_ReplicateLayout.replicate_layout 1282:Remove bounding box top:20174999, bottom:29548706, Left:150346089, Right:200648707
11-24 18:31:22 root 340:updating GUI message: 'Replicating footprints'
11-24 18:31:22 com_github_MitjaNemec_ReplicateLayout.replicate_layout 863:Replicating footprints
11-24 18:31:22 com_github_MitjaNemec_ReplicateLayout.replicate_layout 870:Replicating footprints on sheet ['/LED Circle/', '/LED Circle/led_cap1/']
11-24 18:31:22 com_github_MitjaNemec_ReplicateLayout.replicate_layout 835:Src fp.id: '1E7E66F1-B201-4B76-8631-AB5E8937F5DD'
11-24 18:31:22 com_github_MitjaNemec_ReplicateLayout.replicate_layout 839:Dst fp.id: '1E7E66F1-B201-4B76-8631-AB5E8937F5DD'
11-24 18:31:22 com_github_MitjaNemec_ReplicateLayout.replicate_layout 888:Replicating footprint: 'C2'
11-24 18:31:22 com_github_MitjaNemec_ReplicateLayout.replicate_layout 835:Src fp.id: '0A5DAB51-6427-4401-8A2D-B51D796E5DB1'
11-24 18:31:22 com_github_MitjaNemec_ReplicateLayout.replicate_layout 839:Dst fp.id: '0A5DAB51-6427-4401-8A2D-B51D796E5DB1'
11-24 18:31:22 com_github_MitjaNemec_ReplicateLayout.replicate_layout 895:found match in dst footprint: 'C3'
11-24 18:31:22 com_github_MitjaNemec_ReplicateLayout.replicate_layout 990:Src text UUid:607005d2-0887-4e4c-8fbb-db555f2e2637
11-24 18:31:22 com_github_MitjaNemec_ReplicateLayout.replicate_layout 991:Dst text UUid:c5288935-90e6-423c-ac24-af898653c16b
11-24 18:31:22 com_github_MitjaNemec_ReplicateLayout.replicate_layout 990:Src text UUid:28e37f82-1a30-4549-9c23-0b362ebd5436
11-24 18:31:22 com_github_MitjaNemec_ReplicateLayout.replicate_layout 991:Dst text UUid:8423813d-70b4-40e5-941a-2cb5e40ba455
11-24 18:31:22 com_github_MitjaNemec_ReplicateLayout.replicate_layout 990:Src text UUid:6efaa3c6-b73f-47c1-995c-83cfb104d6a0
11-24 18:31:22 com_github_MitjaNemec_ReplicateLayout.replicate_layout 991:Dst text UUid:65679a69-8012-4cfc-8081-0e212b0d9980
11-24 18:31:22 com_github_MitjaNemec_ReplicateLayout.replicate_layout 888:Replicating footprint: 'J6'
11-24 18:31:22 com_github_MitjaNemec_ReplicateLayout.replicate_layout 835:Src fp.id: '5BA4366A-7D93-4987-A501-172875DF5341'
11-24 18:31:22 com_github_MitjaNemec_ReplicateLayout.replicate_layout 839:Dst fp.id: '5BA4366A-7D93-4987-A501-172875DF5341'
11-24 18:31:22 com_github_MitjaNemec_ReplicateLayout.replicate_layout 895:found match in dst footprint: 'J12'
11-24 18:31:22 com_github_MitjaNemec_ReplicateLayout.replicate_layout 990:Src text UUid:a9cb6ef2-f27d-4f55-8d6e-8bfc5b4e5159
11-24 18:31:22 com_github_MitjaNemec_ReplicateLayout.replicate_layout 991:Dst text UUid:9a1042c3-eb62-433c-adcf-201cfb1a4250
11-24 18:31:22 com_github_MitjaNemec_ReplicateLayout.replicate_layout 990:Src text UUid:8bc68a19-c801-40bf-83b9-1649f03a59b6
11-24 18:31:22 com_github_MitjaNemec_ReplicateLayout.replicate_layout 991:Dst text UUid:08c13e9c-6b9e-4f40-b1fa-adc6c4438b2f
11-24 18:31:22 com_github_MitjaNemec_ReplicateLayout.replicate_layout 990:Src text UUid:67f8d62f-3f77-4b9a-b1b1-3ada146510d8
11-24 18:31:22 com_github_MitjaNemec_ReplicateLayout.replicate_layout 991:Dst text UUid:c9c103ee-7a7b-44aa-86d9-913a6860e599
11-24 18:31:22 com_github_MitjaNemec_ReplicateLayout.replicate_layout 888:Replicating footprint: 'D4'
11-24 18:31:22 com_github_MitjaNemec_ReplicateLayout.replicate_layout 835:Src fp.id: '8A4BA0BF-BE25-421F-A1B8-6AB921FC6C37'
11-24 18:31:22 com_github_MitjaNemec_ReplicateLayout.replicate_layout 839:Dst fp.id: '8A4BA0BF-BE25-421F-A1B8-6AB921FC6C37'
11-24 18:31:22 com_github_MitjaNemec_ReplicateLayout.replicate_layout 895:found match in dst footprint: 'D10'
11-24 18:31:22 com_github_MitjaNemec_ReplicateLayout.replicate_layout 990:Src text UUid:be924db9-9787-4730-afa1-1f828684e8f2
11-24 18:31:22 com_github_MitjaNemec_ReplicateLayout.replicate_layout 991:Dst text UUid:15b9808b-1d0f-4ce0-8f11-2aedecb827e2
11-24 18:31:22 com_github_MitjaNemec_ReplicateLayout.replicate_layout 990:Src text UUid:b66601f7-62cd-4098-8f27-2018c6f12c43
11-24 18:31:22 com_github_MitjaNemec_ReplicateLayout.replicate_layout 991:Dst text UUid:f3982d17-4ba7-457f-b4a7-c5d84d99e339
11-24 18:31:22 com_github_MitjaNemec_ReplicateLayout.replicate_layout 990:Src text UUid:f577fee2-721a-414b-b8f3-8fdbd28a14c7
11-24 18:31:22 com_github_MitjaNemec_ReplicateLayout.replicate_layout 991:Dst text UUid:48133066-5ad7-451e-9636-7d758e01adc6
11-24 18:31:22 com_github_MitjaNemec_ReplicateLayout.replicate_layout 888:Replicating footprint: 'J7'
11-24 18:31:22 com_github_MitjaNemec_ReplicateLayout.replicate_layout 835:Src fp.id: '5FFF5535-5252-4785-A4EE-7BB689210277'
11-24 18:31:22 com_github_MitjaNemec_ReplicateLayout.replicate_layout 839:Dst fp.id: '5FFF5535-5252-4785-A4EE-7BB689210277'
11-24 18:31:22 com_github_MitjaNemec_ReplicateLayout.replicate_layout 895:found match in dst footprint: 'J13'
11-24 18:31:22 com_github_MitjaNemec_ReplicateLayout.replicate_layout 990:Src text UUid:c2af1f2f-f7d3-4b5f-813a-d6c3f1282370
11-24 18:31:22 com_github_MitjaNemec_ReplicateLayout.replicate_layout 991:Dst text UUid:f166a34e-9b87-4f85-a8f2-67378eb41cc5
11-24 18:31:22 com_github_MitjaNemec_ReplicateLayout.replicate_layout 990:Src text UUid:99ece492-1ef4-426e-9891-caf5c30f8449
11-24 18:31:22 com_github_MitjaNemec_ReplicateLayout.replicate_layout 991:Dst text UUid:7374d42b-ee71-4116-9ab7-d7f1e94f2162
11-24 18:31:22 com_github_MitjaNemec_ReplicateLayout.replicate_layout 990:Src text UUid:9ee744b3-615f-41fd-8d88-77c064d421f7
11-24 18:31:22 com_github_MitjaNemec_ReplicateLayout.replicate_layout 991:Dst text UUid:34600df5-0615-402d-8057-8e2a7d769094
11-24 18:31:22 com_github_MitjaNemec_ReplicateLayout.replicate_layout 888:Replicating footprint: 'D5'
11-24 18:31:22 com_github_MitjaNemec_ReplicateLayout.replicate_layout 835:Src fp.id: '1E7E66F1-B201-4B76-8631-AB5E8937F5DD'
11-24 18:31:22 com_github_MitjaNemec_ReplicateLayout.replicate_layout 839:Dst fp.id: '1E7E66F1-B201-4B76-8631-AB5E8937F5DD'
11-24 18:31:22 com_github_MitjaNemec_ReplicateLayout.replicate_layout 895:found match in dst footprint: 'D11'
11-24 18:31:22 com_github_MitjaNemec_ReplicateLayout.replicate_layout 990:Src text UUid:04b0f633-f00e-4a8d-89af-98bb1e17365f
11-24 18:31:22 com_github_MitjaNemec_ReplicateLayout.replicate_layout 991:Dst text UUid:53932ce8-c4e2-4c9b-9f8c-0047463519ec
11-24 18:31:22 com_github_MitjaNemec_ReplicateLayout.replicate_layout 990:Src text UUid:171f7fd3-db88-4a3c-8bd6-a7d548ddb585
11-24 18:31:22 com_github_MitjaNemec_ReplicateLayout.replicate_layout 991:Dst text UUid:ad76171a-d988-4f9b-a72b-69d294ae03a7
11-24 18:31:22 com_github_MitjaNemec_ReplicateLayout.replicate_layout 990:Src text UUid:6e5d061c-efef-4262-9146-78fc90e0f892
11-24 18:31:22 com_github_MitjaNemec_ReplicateLayout.replicate_layout 991:Dst text UUid:6d1186d3-2261-4bb2-92b4-8276a2b883b8
11-24 18:31:22 com_github_MitjaNemec_ReplicateLayout.replicate_layout 870:Replicating footprints on sheet ['/LED Circle/', '/LED Circle/led_cap2/']
11-24 18:31:22 com_github_MitjaNemec_ReplicateLayout.replicate_layout 835:Src fp.id: '1E7E66F1-B201-4B76-8631-AB5E8937F5DD'
11-24 18:31:22 com_github_MitjaNemec_ReplicateLayout.replicate_layout 839:Dst fp.id: '1E7E66F1-B201-4B76-8631-AB5E8937F5DD'
11-24 18:31:22 com_github_MitjaNemec_ReplicateLayout.replicate_layout 888:Replicating footprint: 'C2'
11-24 18:31:22 com_github_MitjaNemec_ReplicateLayout.replicate_layout 835:Src fp.id: '0A5DAB51-6427-4401-8A2D-B51D796E5DB1'
11-24 18:31:22 com_github_MitjaNemec_ReplicateLayout.replicate_layout 839:Dst fp.id: '0A5DAB51-6427-4401-8A2D-B51D796E5DB1'
11-24 18:31:22 com_github_MitjaNemec_ReplicateLayout.replicate_layout 895:found match in dst footprint: 'C4'
11-24 18:31:22 com_github_MitjaNemec_ReplicateLayout.replicate_layout 990:Src text UUid:607005d2-0887-4e4c-8fbb-db555f2e2637
11-24 18:31:22 com_github_MitjaNemec_ReplicateLayout.replicate_layout 991:Dst text UUid:55fbdc6a-28b4-42c4-87b4-d2714da52dd8
11-24 18:31:22 com_github_MitjaNemec_ReplicateLayout.replicate_layout 990:Src text UUid:28e37f82-1a30-4549-9c23-0b362ebd5436
11-24 18:31:22 com_github_MitjaNemec_ReplicateLayout.replicate_layout 991:Dst text UUid:fc73480d-40ec-4853-93e7-23848dd6f544
11-24 18:31:22 com_github_MitjaNemec_ReplicateLayout.replicate_layout 990:Src text UUid:6efaa3c6-b73f-47c1-995c-83cfb104d6a0
11-24 18:31:22 com_github_MitjaNemec_ReplicateLayout.replicate_layout 991:Dst text UUid:77b30b7d-5d32-4cdb-a971-06ad5cb7dd11
11-24 18:31:22 com_github_MitjaNemec_ReplicateLayout.replicate_layout 888:Replicating footprint: 'J6'
11-24 18:31:22 com_github_MitjaNemec_ReplicateLayout.replicate_layout 835:Src fp.id: '5BA4366A-7D93-4987-A501-172875DF5341'
11-24 18:31:22 com_github_MitjaNemec_ReplicateLayout.replicate_layout 839:Dst fp.id: '5BA4366A-7D93-4987-A501-172875DF5341'
11-24 18:31:22 com_github_MitjaNemec_ReplicateLayout.replicate_layout 895:found match in dst footprint: 'J18'
11-24 18:31:22 com_github_MitjaNemec_ReplicateLayout.replicate_layout 990:Src text UUid:a9cb6ef2-f27d-4f55-8d6e-8bfc5b4e5159
11-24 18:31:22 com_github_MitjaNemec_ReplicateLayout.replicate_layout 991:Dst text UUid:ecdad41d-7dc6-44e4-a9ec-a671fc3c7d2c
11-24 18:31:22 com_github_MitjaNemec_ReplicateLayout.replicate_layout 990:Src text UUid:8bc68a19-c801-40bf-83b9-1649f03a59b6
11-24 18:31:22 com_github_MitjaNemec_ReplicateLayout.replicate_layout 991:Dst text UUid:98d4a90d-2ef9-446d-b2e4-01debf143957
11-24 18:31:22 com_github_MitjaNemec_ReplicateLayout.replicate_layout 990:Src text UUid:67f8d62f-3f77-4b9a-b1b1-3ada146510d8
11-24 18:31:22 com_github_MitjaNemec_ReplicateLayout.replicate_layout 991:Dst text UUid:7505f29d-9d02-4a6f-905c-7c048eaab03c
11-24 18:31:22 com_github_MitjaNemec_ReplicateLayout.replicate_layout 888:Replicating footprint: 'D4'
11-24 18:31:22 com_github_MitjaNemec_ReplicateLayout.replicate_layout 835:Src fp.id: '8A4BA0BF-BE25-421F-A1B8-6AB921FC6C37'
11-24 18:31:22 com_github_MitjaNemec_ReplicateLayout.replicate_layout 839:Dst fp.id: '8A4BA0BF-BE25-421F-A1B8-6AB921FC6C37'
11-24 18:31:22 com_github_MitjaNemec_ReplicateLayout.replicate_layout 895:found match in dst footprint: 'D16'
11-24 18:31:22 com_github_MitjaNemec_ReplicateLayout.replicate_layout 990:Src text UUid:be924db9-9787-4730-afa1-1f828684e8f2
11-24 18:31:22 com_github_MitjaNemec_ReplicateLayout.replicate_layout 991:Dst text UUid:b5bbc448-8834-4c39-9941-a0b678049439
11-24 18:31:22 com_github_MitjaNemec_ReplicateLayout.replicate_layout 990:Src text UUid:b66601f7-62cd-4098-8f27-2018c6f12c43
11-24 18:31:22 com_github_MitjaNemec_ReplicateLayout.replicate_layout 991:Dst text UUid:6097d0c8-d8fb-4a7b-95fa-aadf6aa7bcb0
11-24 18:31:22 com_github_MitjaNemec_ReplicateLayout.replicate_layout 990:Src text UUid:f577fee2-721a-414b-b8f3-8fdbd28a14c7
11-24 18:31:22 com_github_MitjaNemec_ReplicateLayout.replicate_layout 991:Dst text UUid:db1ed14d-d0f2-4dbb-aef4-a7b069ef7e56
11-24 18:31:22 com_github_MitjaNemec_ReplicateLayout.replicate_layout 888:Replicating footprint: 'J7'
11-24 18:31:22 com_github_MitjaNemec_ReplicateLayout.replicate_layout 835:Src fp.id: '5FFF5535-5252-4785-A4EE-7BB689210277'
11-24 18:31:22 com_github_MitjaNemec_ReplicateLayout.replicate_layout 839:Dst fp.id: '5FFF5535-5252-4785-A4EE-7BB689210277'
11-24 18:31:22 com_github_MitjaNemec_ReplicateLayout.replicate_layout 895:found match in dst footprint: 'J19'
11-24 18:31:22 com_github_MitjaNemec_ReplicateLayout.replicate_layout 990:Src text UUid:c2af1f2f-f7d3-4b5f-813a-d6c3f1282370
11-24 18:31:22 com_github_MitjaNemec_ReplicateLayout.replicate_layout 991:Dst text UUid:78d68aa3-177c-411c-b93e-2ef5ed9fb944
11-24 18:31:22 com_github_MitjaNemec_ReplicateLayout.replicate_layout 990:Src text UUid:99ece492-1ef4-426e-9891-caf5c30f8449
11-24 18:31:22 com_github_MitjaNemec_ReplicateLayout.replicate_layout 991:Dst text UUid:d6411350-ac1e-4af7-b334-449f020467e0
11-24 18:31:22 com_github_MitjaNemec_ReplicateLayout.replicate_layout 990:Src text UUid:9ee744b3-615f-41fd-8d88-77c064d421f7
11-24 18:31:22 com_github_MitjaNemec_ReplicateLayout.replicate_layout 991:Dst text UUid:64b70aa5-e6fb-4ab4-84e4-314d4f1449c3
11-24 18:31:22 com_github_MitjaNemec_ReplicateLayout.replicate_layout 888:Replicating footprint: 'D5'
11-24 18:31:22 com_github_MitjaNemec_ReplicateLayout.replicate_layout 835:Src fp.id: '1E7E66F1-B201-4B76-8631-AB5E8937F5DD'
11-24 18:31:22 com_github_MitjaNemec_ReplicateLayout.replicate_layout 839:Dst fp.id: '1E7E66F1-B201-4B76-8631-AB5E8937F5DD'
11-24 18:31:22 com_github_MitjaNemec_ReplicateLayout.replicate_layout 895:found match in dst footprint: 'D17'
11-24 18:31:22 com_github_MitjaNemec_ReplicateLayout.replicate_layout 990:Src text UUid:04b0f633-f00e-4a8d-89af-98bb1e17365f
11-24 18:31:22 com_github_MitjaNemec_ReplicateLayout.replicate_layout 991:Dst text UUid:584e1893-7183-45f2-b305-fe04affc694e
11-24 18:31:22 com_github_MitjaNemec_ReplicateLayout.replicate_layout 990:Src text UUid:171f7fd3-db88-4a3c-8bd6-a7d548ddb585
11-24 18:31:22 com_github_MitjaNemec_ReplicateLayout.replicate_layout 991:Dst text UUid:a452a209-5faa-44b8-9b3a-f3cec8a916b5
11-24 18:31:22 com_github_MitjaNemec_ReplicateLayout.replicate_layout 990:Src text UUid:6e5d061c-efef-4262-9146-78fc90e0f892
11-24 18:31:22 com_github_MitjaNemec_ReplicateLayout.replicate_layout 991:Dst text UUid:45c1fa92-c9e1-4f6a-92d0-ef5d4297a257
11-24 18:31:22 com_github_MitjaNemec_ReplicateLayout.replicate_layout 870:Replicating footprints on sheet ['/LED Circle/', '/LED Circle/led_cap3/']
11-24 18:31:22 com_github_MitjaNemec_ReplicateLayout.replicate_layout 835:Src fp.id: '1E7E66F1-B201-4B76-8631-AB5E8937F5DD'
11-24 18:31:22 com_github_MitjaNemec_ReplicateLayout.replicate_layout 839:Dst fp.id: '1E7E66F1-B201-4B76-8631-AB5E8937F5DD'
11-24 18:31:22 com_github_MitjaNemec_ReplicateLayout.replicate_layout 888:Replicating footprint: 'C2'
11-24 18:31:22 com_github_MitjaNemec_ReplicateLayout.replicate_layout 835:Src fp.id: '0A5DAB51-6427-4401-8A2D-B51D796E5DB1'
11-24 18:31:22 com_github_MitjaNemec_ReplicateLayout.replicate_layout 839:Dst fp.id: '0A5DAB51-6427-4401-8A2D-B51D796E5DB1'
11-24 18:31:22 com_github_MitjaNemec_ReplicateLayout.replicate_layout 895:found match in dst footprint: 'C5'
11-24 18:31:22 com_github_MitjaNemec_ReplicateLayout.replicate_layout 990:Src text UUid:607005d2-0887-4e4c-8fbb-db555f2e2637
11-24 18:31:22 com_github_MitjaNemec_ReplicateLayout.replicate_layout 991:Dst text UUid:f35d6a12-c347-415f-bfb5-eb4c7e926c91
11-24 18:31:22 com_github_MitjaNemec_ReplicateLayout.replicate_layout 990:Src text UUid:28e37f82-1a30-4549-9c23-0b362ebd5436
11-24 18:31:22 com_github_MitjaNemec_ReplicateLayout.replicate_layout 991:Dst text UUid:d370dceb-9902-45c6-adc9-33cdee9aa913
11-24 18:31:22 com_github_MitjaNemec_ReplicateLayout.replicate_layout 990:Src text UUid:6efaa3c6-b73f-47c1-995c-83cfb104d6a0
11-24 18:31:22 com_github_MitjaNemec_ReplicateLayout.replicate_layout 991:Dst text UUid:d065da60-368e-4527-9738-e5fe76f93eb1
11-24 18:31:22 com_github_MitjaNemec_ReplicateLayout.replicate_layout 888:Replicating footprint: 'J6'
11-24 18:31:22 com_github_MitjaNemec_ReplicateLayout.replicate_layout 835:Src fp.id: '5BA4366A-7D93-4987-A501-172875DF5341'
11-24 18:31:22 com_github_MitjaNemec_ReplicateLayout.replicate_layout 839:Dst fp.id: '5BA4366A-7D93-4987-A501-172875DF5341'
11-24 18:31:22 com_github_MitjaNemec_ReplicateLayout.replicate_layout 895:found match in dst footprint: 'J20'
11-24 18:31:22 com_github_MitjaNemec_ReplicateLayout.replicate_layout 990:Src text UUid:a9cb6ef2-f27d-4f55-8d6e-8bfc5b4e5159
11-24 18:31:22 com_github_MitjaNemec_ReplicateLayout.replicate_layout 991:Dst text UUid:50aba570-b0a2-4d96-96d0-49f243278255
11-24 18:31:22 com_github_MitjaNemec_ReplicateLayout.replicate_layout 990:Src text UUid:8bc68a19-c801-40bf-83b9-1649f03a59b6
11-24 18:31:22 com_github_MitjaNemec_ReplicateLayout.replicate_layout 991:Dst text UUid:b4a8ffad-67be-4d97-aa36-83e2f768645e
11-24 18:31:22 com_github_MitjaNemec_ReplicateLayout.replicate_layout 990:Src text UUid:67f8d62f-3f77-4b9a-b1b1-3ada146510d8
11-24 18:31:22 com_github_MitjaNemec_ReplicateLayout.replicate_layout 991:Dst text UUid:63990f84-819f-4d29-9231-8aa79564d94f
11-24 18:31:22 com_github_MitjaNemec_ReplicateLayout.replicate_layout 888:Replicating footprint: 'D4'
11-24 18:31:22 com_github_MitjaNemec_ReplicateLayout.replicate_layout 835:Src fp.id: '8A4BA0BF-BE25-421F-A1B8-6AB921FC6C37'
11-24 18:31:22 com_github_MitjaNemec_ReplicateLayout.replicate_layout 839:Dst fp.id: '8A4BA0BF-BE25-421F-A1B8-6AB921FC6C37'
11-24 18:31:22 com_github_MitjaNemec_ReplicateLayout.replicate_layout 895:found match in dst footprint: 'D18'
11-24 18:31:22 com_github_MitjaNemec_ReplicateLayout.replicate_layout 990:Src text UUid:be924db9-9787-4730-afa1-1f828684e8f2
11-24 18:31:22 com_github_MitjaNemec_ReplicateLayout.replicate_layout 991:Dst text UUid:e7070a76-e639-4c25-8b1d-2bee3b734db5
11-24 18:31:22 com_github_MitjaNemec_ReplicateLayout.replicate_layout 990:Src text UUid:b66601f7-62cd-4098-8f27-2018c6f12c43
11-24 18:31:22 com_github_MitjaNemec_ReplicateLayout.replicate_layout 991:Dst text UUid:41b6744b-395f-4b01-b065-8d72ff122d66
11-24 18:31:22 com_github_MitjaNemec_ReplicateLayout.replicate_layout 990:Src text UUid:f577fee2-721a-414b-b8f3-8fdbd28a14c7
11-24 18:31:22 com_github_MitjaNemec_ReplicateLayout.replicate_layout 991:Dst text UUid:d2491bb8-7b3c-4626-ae39-6bebf9657c24
11-24 18:31:22 com_github_MitjaNemec_ReplicateLayout.replicate_layout 888:Replicating footprint: 'J7'
11-24 18:31:22 com_github_MitjaNemec_ReplicateLayout.replicate_layout 835:Src fp.id: '5FFF5535-5252-4785-A4EE-7BB689210277'
11-24 18:31:22 com_github_MitjaNemec_ReplicateLayout.replicate_layout 839:Dst fp.id: '5FFF5535-5252-4785-A4EE-7BB689210277'
11-24 18:31:22 com_github_MitjaNemec_ReplicateLayout.replicate_layout 895:found match in dst footprint: 'J21'
11-24 18:31:22 com_github_MitjaNemec_ReplicateLayout.replicate_layout 990:Src text UUid:c2af1f2f-f7d3-4b5f-813a-d6c3f1282370
11-24 18:31:22 com_github_MitjaNemec_ReplicateLayout.replicate_layout 991:Dst text UUid:06901843-212f-4bd4-8ff9-332ce7c439f7
11-24 18:31:22 com_github_MitjaNemec_ReplicateLayout.replicate_layout 990:Src text UUid:99ece492-1ef4-426e-9891-caf5c30f8449
11-24 18:31:22 com_github_MitjaNemec_ReplicateLayout.replicate_layout 991:Dst text UUid:74f91c5f-4d07-4ad4-bbcc-641b0f0eace4
11-24 18:31:22 com_github_MitjaNemec_ReplicateLayout.replicate_layout 990:Src text UUid:9ee744b3-615f-41fd-8d88-77c064d421f7
11-24 18:31:22 com_github_MitjaNemec_ReplicateLayout.replicate_layout 991:Dst text UUid:30b77f9a-f6ab-46c2-a1df-22c64d082d1e
11-24 18:31:22 com_github_MitjaNemec_ReplicateLayout.replicate_layout 888:Replicating footprint: 'D5'
11-24 18:31:22 com_github_MitjaNemec_ReplicateLayout.replicate_layout 835:Src fp.id: '1E7E66F1-B201-4B76-8631-AB5E8937F5DD'
11-24 18:31:22 com_github_MitjaNemec_ReplicateLayout.replicate_layout 839:Dst fp.id: '1E7E66F1-B201-4B76-8631-AB5E8937F5DD'
11-24 18:31:22 com_github_MitjaNemec_ReplicateLayout.replicate_layout 895:found match in dst footprint: 'D19'
11-24 18:31:22 com_github_MitjaNemec_ReplicateLayout.replicate_layout 990:Src text UUid:04b0f633-f00e-4a8d-89af-98bb1e17365f
11-24 18:31:22 com_github_MitjaNemec_ReplicateLayout.replicate_layout 991:Dst text UUid:6f62e89c-d915-49b9-b4c8-cb5f377938b3
11-24 18:31:22 com_github_MitjaNemec_ReplicateLayout.replicate_layout 990:Src text UUid:171f7fd3-db88-4a3c-8bd6-a7d548ddb585
11-24 18:31:22 com_github_MitjaNemec_ReplicateLayout.replicate_layout 991:Dst text UUid:17f9d1dd-d2e7-4135-995a-475e7eaaa15a
11-24 18:31:22 com_github_MitjaNemec_ReplicateLayout.replicate_layout 990:Src text UUid:6e5d061c-efef-4262-9146-78fc90e0f892
11-24 18:31:22 com_github_MitjaNemec_ReplicateLayout.replicate_layout 991:Dst text UUid:5d185068-f745-43bc-8f28-48bf0368677c
11-24 18:31:22 com_github_MitjaNemec_ReplicateLayout.replicate_layout 328:Removing tracks and zones, after footprint placement
11-24 18:31:22 root 340:updating GUI message: 'Removing zones and tracks'
11-24 18:31:22 com_github_MitjaNemec_ReplicateLayout.replicate_layout 1282:Remove bounding box top:17675000, bottom:27048707, Left:233346089, Right:283648707
11-24 18:31:22 com_github_MitjaNemec_ReplicateLayout.replicate_layout 1282:Remove bounding box top:34075000, bottom:43448707, Left:233245089, Right:283547707
11-24 18:31:22 com_github_MitjaNemec_ReplicateLayout.replicate_layout 1282:Remove bounding box top:20174999, bottom:29548706, Left:150346089, Right:200648707
11-24 18:31:22 root 340:updating GUI message: 'Replicating tracks'
11-24 18:31:22 com_github_MitjaNemec_ReplicateLayout.replicate_layout 1014:Replicating tracks
11-24 18:31:22 com_github_MitjaNemec_ReplicateLayout.replicate_layout 1020:Replicating tracks on sheet ['/LED Circle/', '/LED Circle/led_cap1/']
11-24 18:31:22 com_github_MitjaNemec_ReplicateLayout.replicate_layout 835:Src fp.id: '1E7E66F1-B201-4B76-8631-AB5E8937F5DD'
11-24 18:31:22 com_github_MitjaNemec_ReplicateLayout.replicate_layout 839:Dst fp.id: '1E7E66F1-B201-4B76-8631-AB5E8937F5DD'
11-24 18:31:22 com_github_MitjaNemec_ReplicateLayout.replicate_layout 792:Net pairs for sheet ['/LED Circle/', '/LED Circle/led_cap1/'] :[('', ''), ('Net-(D4-VSS)', 'Net-(D10-VSS)'), ('Net-(D5-DOUT)', 'Net-(D11-DOUT)'), ('Net-(D4-VDD)', 'Net-(D10-VDD)'), ('Net-(D4-DIN)', 'Net-(D10-DIN)'), ('Net-(D4-DOUT)', 'Net-(D10-DOUT)')]
11-24 18:31:22 root 345:updating GUI with: 1
11-24 18:31:22 com_github_MitjaNemec_ReplicateLayout.replicate_layout 1020:Replicating tracks on sheet ['/LED Circle/', '/LED Circle/led_cap2/']
11-24 18:31:22 com_github_MitjaNemec_ReplicateLayout.replicate_layout 835:Src fp.id: '1E7E66F1-B201-4B76-8631-AB5E8937F5DD'
11-24 18:31:22 com_github_MitjaNemec_ReplicateLayout.replicate_layout 839:Dst fp.id: '1E7E66F1-B201-4B76-8631-AB5E8937F5DD'
11-24 18:31:22 com_github_MitjaNemec_ReplicateLayout.replicate_layout 792:Net pairs for sheet ['/LED Circle/', '/LED Circle/led_cap2/'] :[('Net-(D5-DOUT)', 'Net-(D17-DOUT)'), ('Net-(D4-DOUT)', 'Net-(D16-DOUT)'), ('Net-(D4-DIN)', 'Net-(D16-DIN)'), ('', ''), ('Net-(D4-VSS)', 'Net-(D16-VSS)'), ('Net-(D4-VDD)', 'Net-(D16-VDD)')]
11-24 18:31:22 com_github_MitjaNemec_ReplicateLayout.replicate_layout 1020:Replicating tracks on sheet ['/LED Circle/', '/LED Circle/led_cap3/']
11-24 18:31:22 com_github_MitjaNemec_ReplicateLayout.replicate_layout 835:Src fp.id: '1E7E66F1-B201-4B76-8631-AB5E8937F5DD'
11-24 18:31:22 com_github_MitjaNemec_ReplicateLayout.replicate_layout 839:Dst fp.id: '1E7E66F1-B201-4B76-8631-AB5E8937F5DD'
11-24 18:31:22 com_github_MitjaNemec_ReplicateLayout.replicate_layout 792:Net pairs for sheet ['/LED Circle/', '/LED Circle/led_cap3/'] :[('Net-(D4-DIN)', 'Net-(D18-DIN)'), ('', ''), ('Net-(D4-VDD)', 'Net-(D18-VDD)'), ('Net-(D4-DOUT)', 'Net-(D18-DOUT)'), ('Net-(D4-VSS)', 'Net-(D18-VSS)'), ('Net-(D5-DOUT)', 'Net-(D19-DOUT)')]
11-24 18:31:22 root 340:updating GUI message: 'Replicating zones'
11-24 18:31:22 com_github_MitjaNemec_ReplicateLayout.replicate_layout 1084:Replicating zones
11-24 18:31:22 com_github_MitjaNemec_ReplicateLayout.replicate_layout 1091:Replicating zones on sheet ['/LED Circle/', '/LED Circle/led_cap1/']
11-24 18:31:22 com_github_MitjaNemec_ReplicateLayout.replicate_layout 835:Src fp.id: '1E7E66F1-B201-4B76-8631-AB5E8937F5DD'
11-24 18:31:22 com_github_MitjaNemec_ReplicateLayout.replicate_layout 839:Dst fp.id: '1E7E66F1-B201-4B76-8631-AB5E8937F5DD'
11-24 18:31:22 com_github_MitjaNemec_ReplicateLayout.replicate_layout 792:Net pairs for sheet ['/LED Circle/', '/LED Circle/led_cap1/'] :[('', ''), ('Net-(D4-VSS)', 'Net-(D10-VSS)'), ('Net-(D5-DOUT)', 'Net-(D11-DOUT)'), ('Net-(D4-VDD)', 'Net-(D10-VDD)'), ('Net-(D4-DIN)', 'Net-(D10-DIN)'), ('Net-(D4-DOUT)', 'Net-(D10-DOUT)')]
11-24 18:31:22 com_github_MitjaNemec_ReplicateLayout.replicate_layout 1091:Replicating zones on sheet ['/LED Circle/', '/LED Circle/led_cap2/']
11-24 18:31:22 com_github_MitjaNemec_ReplicateLayout.replicate_layout 835:Src fp.id: '1E7E66F1-B201-4B76-8631-AB5E8937F5DD'
11-24 18:31:22 com_github_MitjaNemec_ReplicateLayout.replicate_layout 839:Dst fp.id: '1E7E66F1-B201-4B76-8631-AB5E8937F5DD'
11-24 18:31:22 com_github_MitjaNemec_ReplicateLayout.replicate_layout 792:Net pairs for sheet ['/LED Circle/', '/LED Circle/led_cap2/'] :[('Net-(D5-DOUT)', 'Net-(D17-DOUT)'), ('Net-(D4-DOUT)', 'Net-(D16-DOUT)'), ('Net-(D4-DIN)', 'Net-(D16-DIN)'), ('', ''), ('Net-(D4-VSS)', 'Net-(D16-VSS)'), ('Net-(D4-VDD)', 'Net-(D16-VDD)')]
11-24 18:31:22 com_github_MitjaNemec_ReplicateLayout.replicate_layout 1091:Replicating zones on sheet ['/LED Circle/', '/LED Circle/led_cap3/']
11-24 18:31:22 com_github_MitjaNemec_ReplicateLayout.replicate_layout 835:Src fp.id: '1E7E66F1-B201-4B76-8631-AB5E8937F5DD'
11-24 18:31:22 com_github_MitjaNemec_ReplicateLayout.replicate_layout 839:Dst fp.id: '1E7E66F1-B201-4B76-8631-AB5E8937F5DD'
11-24 18:31:22 com_github_MitjaNemec_ReplicateLayout.replicate_layout 792:Net pairs for sheet ['/LED Circle/', '/LED Circle/led_cap3/'] :[('Net-(D4-DIN)', 'Net-(D18-DIN)'), ('', ''), ('Net-(D4-VDD)', 'Net-(D18-VDD)'), ('Net-(D4-DOUT)', 'Net-(D18-DOUT)'), ('Net-(D4-VSS)', 'Net-(D18-VSS)'), ('Net-(D5-DOUT)', 'Net-(D19-DOUT)')]
11-24 18:31:22 root 340:updating GUI message: 'Replicating text'
11-24 18:31:22 com_github_MitjaNemec_ReplicateLayout.replicate_layout 1173:Replicating text
11-24 18:31:22 com_github_MitjaNemec_ReplicateLayout.replicate_layout 1180:Replicating text on sheet ['/LED Circle/', '/LED Circle/led_cap1/']
11-24 18:31:22 com_github_MitjaNemec_ReplicateLayout.replicate_layout 835:Src fp.id: '1E7E66F1-B201-4B76-8631-AB5E8937F5DD'
11-24 18:31:22 com_github_MitjaNemec_ReplicateLayout.replicate_layout 839:Dst fp.id: '1E7E66F1-B201-4B76-8631-AB5E8937F5DD'
11-24 18:31:22 com_github_MitjaNemec_ReplicateLayout.replicate_layout 1180:Replicating text on sheet ['/LED Circle/', '/LED Circle/led_cap2/']
11-24 18:31:22 com_github_MitjaNemec_ReplicateLayout.replicate_layout 835:Src fp.id: '1E7E66F1-B201-4B76-8631-AB5E8937F5DD'
11-24 18:31:22 com_github_MitjaNemec_ReplicateLayout.replicate_layout 839:Dst fp.id: '1E7E66F1-B201-4B76-8631-AB5E8937F5DD'
11-24 18:31:22 com_github_MitjaNemec_ReplicateLayout.replicate_layout 1180:Replicating text on sheet ['/LED Circle/', '/LED Circle/led_cap3/']
11-24 18:31:22 com_github_MitjaNemec_ReplicateLayout.replicate_layout 835:Src fp.id: '1E7E66F1-B201-4B76-8631-AB5E8937F5DD'
11-24 18:31:22 com_github_MitjaNemec_ReplicateLayout.replicate_layout 839:Dst fp.id: '1E7E66F1-B201-4B76-8631-AB5E8937F5DD'
11-24 18:31:22 root 340:updating GUI message: 'Replicating drawings'
11-24 18:31:22 com_github_MitjaNemec_ReplicateLayout.replicate_layout 1224:Replicating drawings
11-24 18:31:22 com_github_MitjaNemec_ReplicateLayout.replicate_layout 1230:Replicating drawings on sheet ['/LED Circle/', '/LED Circle/led_cap1/']
11-24 18:31:22 com_github_MitjaNemec_ReplicateLayout.replicate_layout 835:Src fp.id: '1E7E66F1-B201-4B76-8631-AB5E8937F5DD'
11-24 18:31:22 com_github_MitjaNemec_ReplicateLayout.replicate_layout 839:Dst fp.id: '1E7E66F1-B201-4B76-8631-AB5E8937F5DD'
11-24 18:31:22 com_github_MitjaNemec_ReplicateLayout.replicate_layout 1230:Replicating drawings on sheet ['/LED Circle/', '/LED Circle/led_cap2/']
11-24 18:31:22 com_github_MitjaNemec_ReplicateLayout.replicate_layout 835:Src fp.id: '1E7E66F1-B201-4B76-8631-AB5E8937F5DD'
11-24 18:31:22 com_github_MitjaNemec_ReplicateLayout.replicate_layout 839:Dst fp.id: '1E7E66F1-B201-4B76-8631-AB5E8937F5DD'
11-24 18:31:22 com_github_MitjaNemec_ReplicateLayout.replicate_layout 1230:Replicating drawings on sheet ['/LED Circle/', '/LED Circle/led_cap3/']
11-24 18:31:22 com_github_MitjaNemec_ReplicateLayout.replicate_layout 835:Src fp.id: '1E7E66F1-B201-4B76-8631-AB5E8937F5DD'
11-24 18:31:22 com_github_MitjaNemec_ReplicateLayout.replicate_layout 839:Dst fp.id: '1E7E66F1-B201-4B76-8631-AB5E8937F5DD'
11-24 18:31:23 com_github_MitjaNemec_ReplicateLayout.action_replicate_layout 264:Replication complete
